==372== Helgrind, a thread error detector
==372== Copyright (C) 2007-2017, and GNU GPL'd, by OpenWorks LLP et al.
==372== Using Valgrind-3.15.0 and LibVEX; rerun with -h for copyright info
==372== Command: ./philo 2 40000 300 300 5
==372== 
==372== ---Thread-Announcement------------------------------------------
==372== 
==372== Thread #3 was created
==372==    at 0x4997342: clone (clone.S:71)
==372==    by 0x485C2EB: create_thread (createthread.c:101)
==372==    by 0x485DE0F: pthread_create@@GLIBC_2.2.5 (pthread_create.c:817)
==372==    by 0x4842917: ??? (in /usr/lib/x86_64-linux-gnu/valgrind/vgpreload_helgrind-amd64-linux.so)
==372==    by 0x10978F: threads (threads.c:64)
==372==    by 0x10953F: main (main_mandotiry.c:65)
==372== 
==372== ----------------------------------------------------------------
==372== 
==372== Thread #3: lock order "0x4A6D230 before 0x4A6D180" violated
==372== 
==372== Observed (incorrect) order is: acquisition of lock at 0x4A6D180
==372==    at 0x483FEDF: ??? (in /usr/lib/x86_64-linux-gnu/valgrind/vgpreload_helgrind-amd64-linux.so)
==372==    by 0x109D70: cheak_can_eat (routine.c:47)
==372==    by 0x109FA9: loop_philo (routine.c:105)
==372==    by 0x10A1F3: do_threed_philo (routine.c:175)
==372==    by 0x4842B1A: ??? (in /usr/lib/x86_64-linux-gnu/valgrind/vgpreload_helgrind-amd64-linux.so)
==372==    by 0x485D608: start_thread (pthread_create.c:477)
==372==    by 0x4997352: clone (clone.S:95)
==372== 
==372==  followed by a later acquisition of lock at 0x4A6D230
==372==    at 0x483FEDF: ??? (in /usr/lib/x86_64-linux-gnu/valgrind/vgpreload_helgrind-amd64-linux.so)
==372==    by 0x109D80: cheak_can_eat (routine.c:48)
==372==    by 0x109FA9: loop_philo (routine.c:105)
==372==    by 0x10A1F3: do_threed_philo (routine.c:175)
==372==    by 0x4842B1A: ??? (in /usr/lib/x86_64-linux-gnu/valgrind/vgpreload_helgrind-amd64-linux.so)
==372==    by 0x485D608: start_thread (pthread_create.c:477)
==372==    by 0x4997352: clone (clone.S:95)
==372== 
==372== Required order was established by acquisition of lock at 0x4A6D230
==372==    at 0x483FEDF: ??? (in /usr/lib/x86_64-linux-gnu/valgrind/vgpreload_helgrind-amd64-linux.so)
==372==    by 0x109D70: cheak_can_eat (routine.c:47)
==372==    by 0x109FA9: loop_philo (routine.c:105)
==372==    by 0x10A1F3: do_threed_philo (routine.c:175)
==372==    by 0x4842B1A: ??? (in /usr/lib/x86_64-linux-gnu/valgrind/vgpreload_helgrind-amd64-linux.so)
==372==    by 0x485D608: start_thread (pthread_create.c:477)
==372==    by 0x4997352: clone (clone.S:95)
==372== 
==372==  followed by a later acquisition of lock at 0x4A6D180
==372==    at 0x483FEDF: ??? (in /usr/lib/x86_64-linux-gnu/valgrind/vgpreload_helgrind-amd64-linux.so)
==372==    by 0x109D80: cheak_can_eat (routine.c:48)
==372==    by 0x109FA9: loop_philo (routine.c:105)
==372==    by 0x10A1F3: do_threed_philo (routine.c:175)
==372==    by 0x4842B1A: ??? (in /usr/lib/x86_64-linux-gnu/valgrind/vgpreload_helgrind-amd64-linux.so)
==372==    by 0x485D608: start_thread (pthread_create.c:477)
==372==    by 0x4997352: clone (clone.S:95)
==372== 
==372==  Lock at 0x4A6D230 was first observed
==372==    at 0x4843D9D: pthread_mutex_init (in /usr/lib/x86_64-linux-gnu/valgrind/vgpreload_helgrind-amd64-linux.so)
==372==    by 0x10983C: init_fork (init_threads.c:19)
==372==    by 0x1098FA: init_forks (init_threads.c:47)
==372==    by 0x109BDA: init_threads (init_threads.c:145)
==372==    by 0x109721: threads (threads.c:54)
==372==    by 0x10953F: main (main_mandotiry.c:65)
==372==  Address 0x4a6d230 is 0 bytes inside a block of size 104 alloc'd
==372==    at 0x483C893: malloc (in /usr/lib/x86_64-linux-gnu/valgrind/vgpreload_helgrind-amd64-linux.so)
==372==    by 0x1098D7: init_forks (init_threads.c:44)
==372==    by 0x109BDA: init_threads (init_threads.c:145)
==372==    by 0x109721: threads (threads.c:54)
==372==    by 0x10953F: main (main_mandotiry.c:65)
==372==  Block was alloc'd by thread #1
==372== 
==372==  Lock at 0x4A6D180 was first observed
==372==    at 0x4843D9D: pthread_mutex_init (in /usr/lib/x86_64-linux-gnu/valgrind/vgpreload_helgrind-amd64-linux.so)
==372==    by 0x10983C: init_fork (init_threads.c:19)
==372==    by 0x1098FA: init_forks (init_threads.c:47)
==372==    by 0x109BDA: init_threads (init_threads.c:145)
==372==    by 0x109721: threads (threads.c:54)
==372==    by 0x10953F: main (main_mandotiry.c:65)
==372==  Address 0x4a6d180 is 0 bytes inside a block of size 104 alloc'd
==372==    at 0x483C893: malloc (in /usr/lib/x86_64-linux-gnu/valgrind/vgpreload_helgrind-amd64-linux.so)
==372==    by 0x1098D7: init_forks (init_threads.c:44)
==372==    by 0x109BDA: init_threads (init_threads.c:145)
==372==    by 0x109721: threads (threads.c:54)
==372==    by 0x10953F: main (main_mandotiry.c:65)
==372==  Block was alloc'd by thread #1
==372== 
==372== 
==372== ----------------------------------------------------------------
==372== 
==372== Thread #3: lock order "0x4A6D258 before 0x4A6D1A8" violated
==372== 
==372== Observed (incorrect) order is: acquisition of lock at 0x4A6D1A8
==372==    at 0x483FEDF: ??? (in /usr/lib/x86_64-linux-gnu/valgrind/vgpreload_helgrind-amd64-linux.so)
==372==    by 0x109DBC: cheak_can_eat (routine.c:51)
==372==    by 0x109FA9: loop_philo (routine.c:105)
==372==    by 0x10A1F3: do_threed_philo (routine.c:175)
==372==    by 0x4842B1A: ??? (in /usr/lib/x86_64-linux-gnu/valgrind/vgpreload_helgrind-amd64-linux.so)
==372==    by 0x485D608: start_thread (pthread_create.c:477)
==372==    by 0x4997352: clone (clone.S:95)
==372== 
==372==  followed by a later acquisition of lock at 0x4A6D258
==372==    at 0x483FEDF: ??? (in /usr/lib/x86_64-linux-gnu/valgrind/vgpreload_helgrind-amd64-linux.so)
==372==    by 0x109DE9: cheak_can_eat (routine.c:54)
==372==    by 0x109FA9: loop_philo (routine.c:105)
==372==    by 0x10A1F3: do_threed_philo (routine.c:175)
==372==    by 0x4842B1A: ??? (in /usr/lib/x86_64-linux-gnu/valgrind/vgpreload_helgrind-amd64-linux.so)
==372==    by 0x485D608: start_thread (pthread_create.c:477)
==372==    by 0x4997352: clone (clone.S:95)
==372== 
==372== Required order was established by acquisition of lock at 0x4A6D258
==372==    at 0x483FEDF: ??? (in /usr/lib/x86_64-linux-gnu/valgrind/vgpreload_helgrind-amd64-linux.so)
==372==    by 0x109DBC: cheak_can_eat (routine.c:51)
==372==    by 0x109FA9: loop_philo (routine.c:105)
==372==    by 0x10A1F3: do_threed_philo (routine.c:175)
==372==    by 0x4842B1A: ??? (in /usr/lib/x86_64-linux-gnu/valgrind/vgpreload_helgrind-amd64-linux.so)
==372==    by 0x485D608: start_thread (pthread_create.c:477)
==372==    by 0x4997352: clone (clone.S:95)
==372== 
==372==  followed by a later acquisition of lock at 0x4A6D1A8
==372==    at 0x483FEDF: ??? (in /usr/lib/x86_64-linux-gnu/valgrind/vgpreload_helgrind-amd64-linux.so)
==372==    by 0x109DE9: cheak_can_eat (routine.c:54)
==372==    by 0x109FA9: loop_philo (routine.c:105)
==372==    by 0x10A1F3: do_threed_philo (routine.c:175)
==372==    by 0x4842B1A: ??? (in /usr/lib/x86_64-linux-gnu/valgrind/vgpreload_helgrind-amd64-linux.so)
==372==    by 0x485D608: start_thread (pthread_create.c:477)
==372==    by 0x4997352: clone (clone.S:95)
==372== 
==372==  Lock at 0x4A6D258 was first observed
==372==    at 0x4843D9D: pthread_mutex_init (in /usr/lib/x86_64-linux-gnu/valgrind/vgpreload_helgrind-amd64-linux.so)
==372==    by 0x109861: init_fork (init_threads.c:22)
==372==    by 0x1098FA: init_forks (init_threads.c:47)
==372==    by 0x109BDA: init_threads (init_threads.c:145)
==372==    by 0x109721: threads (threads.c:54)
==372==    by 0x10953F: main (main_mandotiry.c:65)
==372==  Address 0x4a6d258 is 40 bytes inside a block of size 104 alloc'd
==372==    at 0x483C893: malloc (in /usr/lib/x86_64-linux-gnu/valgrind/vgpreload_helgrind-amd64-linux.so)
==372==    by 0x1098D7: init_forks (init_threads.c:44)
==372==    by 0x109BDA: init_threads (init_threads.c:145)
==372==    by 0x109721: threads (threads.c:54)
==372==    by 0x10953F: main (main_mandotiry.c:65)
==372==  Block was alloc'd by thread #1
==372== 
==372==  Lock at 0x4A6D1A8 was first observed
==372==    at 0x4843D9D: pthread_mutex_init (in /usr/lib/x86_64-linux-gnu/valgrind/vgpreload_helgrind-amd64-linux.so)
==372==    by 0x109861: init_fork (init_threads.c:22)
==372==    by 0x1098FA: init_forks (init_threads.c:47)
==372==    by 0x109BDA: init_threads (init_threads.c:145)
==372==    by 0x109721: threads (threads.c:54)
==372==    by 0x10953F: main (main_mandotiry.c:65)
==372==  Address 0x4a6d1a8 is 40 bytes inside a block of size 104 alloc'd
==372==    at 0x483C893: malloc (in /usr/lib/x86_64-linux-gnu/valgrind/vgpreload_helgrind-amd64-linux.so)
==372==    by 0x1098D7: init_forks (init_threads.c:44)
==372==    by 0x109BDA: init_threads (init_threads.c:145)
==372==    by 0x109721: threads (threads.c:54)
==372==    by 0x10953F: main (main_mandotiry.c:65)
==372==  Block was alloc'd by thread #1
==372== 
==372== 
==372== ---Thread-Announcement------------------------------------------
==372== 
==372== Thread #2 was created
==372==    at 0x4997342: clone (clone.S:71)
==372==    by 0x485C2EB: create_thread (createthread.c:101)
==372==    by 0x485DE0F: pthread_create@@GLIBC_2.2.5 (pthread_create.c:817)
==372==    by 0x4842917: ??? (in /usr/lib/x86_64-linux-gnu/valgrind/vgpreload_helgrind-amd64-linux.so)
==372==    by 0x10978F: threads (threads.c:64)
==372==    by 0x10953F: main (main_mandotiry.c:65)
==372== 
==372== ----------------------------------------------------------------
==372== 
==372== Thread #2: lock order "0x4A6D180 before 0x4A6D230" violated
==372== 
==372== Observed (incorrect) order is: acquisition of lock at 0x4A6D230
==372==    at 0x483FEDF: ??? (in /usr/lib/x86_64-linux-gnu/valgrind/vgpreload_helgrind-amd64-linux.so)
==372==    by 0x109D70: cheak_can_eat (routine.c:47)
==372==    by 0x109FA9: loop_philo (routine.c:105)
==372==    by 0x10A1F3: do_threed_philo (routine.c:175)
==372==    by 0x4842B1A: ??? (in /usr/lib/x86_64-linux-gnu/valgrind/vgpreload_helgrind-amd64-linux.so)
==372==    by 0x485D608: start_thread (pthread_create.c:477)
==372==    by 0x4997352: clone (clone.S:95)
==372== 
==372==  followed by a later acquisition of lock at 0x4A6D180
==372==    at 0x483FEDF: ??? (in /usr/lib/x86_64-linux-gnu/valgrind/vgpreload_helgrind-amd64-linux.so)
==372==    by 0x109D80: cheak_can_eat (routine.c:48)
==372==    by 0x109FA9: loop_philo (routine.c:105)
==372==    by 0x10A1F3: do_threed_philo (routine.c:175)
==372==    by 0x4842B1A: ??? (in /usr/lib/x86_64-linux-gnu/valgrind/vgpreload_helgrind-amd64-linux.so)
==372==    by 0x485D608: start_thread (pthread_create.c:477)
==372==    by 0x4997352: clone (clone.S:95)
==372== 
==372== Required order was established by acquisition of lock at 0x4A6D180
==372==    at 0x483FEDF: ??? (in /usr/lib/x86_64-linux-gnu/valgrind/vgpreload_helgrind-amd64-linux.so)
==372==    by 0x109D70: cheak_can_eat (routine.c:47)
==372==    by 0x109FA9: loop_philo (routine.c:105)
==372==    by 0x10A1F3: do_threed_philo (routine.c:175)
==372==    by 0x4842B1A: ??? (in /usr/lib/x86_64-linux-gnu/valgrind/vgpreload_helgrind-amd64-linux.so)
==372==    by 0x485D608: start_thread (pthread_create.c:477)
==372==    by 0x4997352: clone (clone.S:95)
==372== 
==372==  followed by a later acquisition of lock at 0x4A6D230
==372==    at 0x483FEDF: ??? (in /usr/lib/x86_64-linux-gnu/valgrind/vgpreload_helgrind-amd64-linux.so)
==372==    by 0x109D80: cheak_can_eat (routine.c:48)
==372==    by 0x109FA9: loop_philo (routine.c:105)
==372==    by 0x10A1F3: do_threed_philo (routine.c:175)
==372==    by 0x4842B1A: ??? (in /usr/lib/x86_64-linux-gnu/valgrind/vgpreload_helgrind-amd64-linux.so)
==372==    by 0x485D608: start_thread (pthread_create.c:477)
==372==    by 0x4997352: clone (clone.S:95)
==372== 
==372==  Lock at 0x4A6D180 was first observed
==372==    at 0x4843D9D: pthread_mutex_init (in /usr/lib/x86_64-linux-gnu/valgrind/vgpreload_helgrind-amd64-linux.so)
==372==    by 0x10983C: init_fork (init_threads.c:19)
==372==    by 0x1098FA: init_forks (init_threads.c:47)
==372==    by 0x109BDA: init_threads (init_threads.c:145)
==372==    by 0x109721: threads (threads.c:54)
==372==    by 0x10953F: main (main_mandotiry.c:65)
==372==  Address 0x4a6d180 is 0 bytes inside a block of size 104 alloc'd
==372==    at 0x483C893: malloc (in /usr/lib/x86_64-linux-gnu/valgrind/vgpreload_helgrind-amd64-linux.so)
==372==    by 0x1098D7: init_forks (init_threads.c:44)
==372==    by 0x109BDA: init_threads (init_threads.c:145)
==372==    by 0x109721: threads (threads.c:54)
==372==    by 0x10953F: main (main_mandotiry.c:65)
==372==  Block was alloc'd by thread #1
==372== 
==372==  Lock at 0x4A6D230 was first observed
==372==    at 0x4843D9D: pthread_mutex_init (in /usr/lib/x86_64-linux-gnu/valgrind/vgpreload_helgrind-amd64-linux.so)
==372==    by 0x10983C: init_fork (init_threads.c:19)
==372==    by 0x1098FA: init_forks (init_threads.c:47)
==372==    by 0x109BDA: init_threads (init_threads.c:145)
==372==    by 0x109721: threads (threads.c:54)
==372==    by 0x10953F: main (main_mandotiry.c:65)
==372==  Address 0x4a6d230 is 0 bytes inside a block of size 104 alloc'd
==372==    at 0x483C893: malloc (in /usr/lib/x86_64-linux-gnu/valgrind/vgpreload_helgrind-amd64-linux.so)
==372==    by 0x1098D7: init_forks (init_threads.c:44)
==372==    by 0x109BDA: init_threads (init_threads.c:145)
==372==    by 0x109721: threads (threads.c:54)
==372==    by 0x10953F: main (main_mandotiry.c:65)
==372==  Block was alloc'd by thread #1
==372== 
==372== 
==372== ----------------------------------------------------------------
==372== 
==372== Thread #2: lock order "0x4A6D1A8 before 0x4A6D258" violated
==372== 
==372== Observed (incorrect) order is: acquisition of lock at 0x4A6D258
==372==    at 0x483FEDF: ??? (in /usr/lib/x86_64-linux-gnu/valgrind/vgpreload_helgrind-amd64-linux.so)
==372==    by 0x109DBC: cheak_can_eat (routine.c:51)
==372==    by 0x109FA9: loop_philo (routine.c:105)
==372==    by 0x10A1F3: do_threed_philo (routine.c:175)
==372==    by 0x4842B1A: ??? (in /usr/lib/x86_64-linux-gnu/valgrind/vgpreload_helgrind-amd64-linux.so)
==372==    by 0x485D608: start_thread (pthread_create.c:477)
==372==    by 0x4997352: clone (clone.S:95)
==372== 
==372==  followed by a later acquisition of lock at 0x4A6D1A8
==372==    at 0x483FEDF: ??? (in /usr/lib/x86_64-linux-gnu/valgrind/vgpreload_helgrind-amd64-linux.so)
==372==    by 0x109DE9: cheak_can_eat (routine.c:54)
==372==    by 0x109FA9: loop_philo (routine.c:105)
==372==    by 0x10A1F3: do_threed_philo (routine.c:175)
==372==    by 0x4842B1A: ??? (in /usr/lib/x86_64-linux-gnu/valgrind/vgpreload_helgrind-amd64-linux.so)
==372==    by 0x485D608: start_thread (pthread_create.c:477)
==372==    by 0x4997352: clone (clone.S:95)
==372== 
==372== Required order was established by acquisition of lock at 0x4A6D1A8
==372==    at 0x483FEDF: ??? (in /usr/lib/x86_64-linux-gnu/valgrind/vgpreload_helgrind-amd64-linux.so)
==372==    by 0x109DBC: cheak_can_eat (routine.c:51)
==372==    by 0x109FA9: loop_philo (routine.c:105)
==372==    by 0x10A1F3: do_threed_philo (routine.c:175)
==372==    by 0x4842B1A: ??? (in /usr/lib/x86_64-linux-gnu/valgrind/vgpreload_helgrind-amd64-linux.so)
==372==    by 0x485D608: start_thread (pthread_create.c:477)
==372==    by 0x4997352: clone (clone.S:95)
==372== 
==372==  followed by a later acquisition of lock at 0x4A6D258
==372==    at 0x483FEDF: ??? (in /usr/lib/x86_64-linux-gnu/valgrind/vgpreload_helgrind-amd64-linux.so)
==372==    by 0x109DE9: cheak_can_eat (routine.c:54)
==372==    by 0x109FA9: loop_philo (routine.c:105)
==372==    by 0x10A1F3: do_threed_philo (routine.c:175)
==372==    by 0x4842B1A: ??? (in /usr/lib/x86_64-linux-gnu/valgrind/vgpreload_helgrind-amd64-linux.so)
==372==    by 0x485D608: start_thread (pthread_create.c:477)
==372==    by 0x4997352: clone (clone.S:95)
==372== 
==372==  Lock at 0x4A6D1A8 was first observed
==372==    at 0x4843D9D: pthread_mutex_init (in /usr/lib/x86_64-linux-gnu/valgrind/vgpreload_helgrind-amd64-linux.so)
==372==    by 0x109861: init_fork (init_threads.c:22)
==372==    by 0x1098FA: init_forks (init_threads.c:47)
==372==    by 0x109BDA: init_threads (init_threads.c:145)
==372==    by 0x109721: threads (threads.c:54)
==372==    by 0x10953F: main (main_mandotiry.c:65)
==372==  Address 0x4a6d1a8 is 40 bytes inside a block of size 104 alloc'd
==372==    at 0x483C893: malloc (in /usr/lib/x86_64-linux-gnu/valgrind/vgpreload_helgrind-amd64-linux.so)
==372==    by 0x1098D7: init_forks (init_threads.c:44)
==372==    by 0x109BDA: init_threads (init_threads.c:145)
==372==    by 0x109721: threads (threads.c:54)
==372==    by 0x10953F: main (main_mandotiry.c:65)
==372==  Block was alloc'd by thread #1
==372== 
==372==  Lock at 0x4A6D258 was first observed
==372==    at 0x4843D9D: pthread_mutex_init (in /usr/lib/x86_64-linux-gnu/valgrind/vgpreload_helgrind-amd64-linux.so)
==372==    by 0x109861: init_fork (init_threads.c:22)
==372==    by 0x1098FA: init_forks (init_threads.c:47)
==372==    by 0x109BDA: init_threads (init_threads.c:145)
==372==    by 0x109721: threads (threads.c:54)
==372==    by 0x10953F: main (main_mandotiry.c:65)
==372==  Address 0x4a6d258 is 40 bytes inside a block of size 104 alloc'd
==372==    at 0x483C893: malloc (in /usr/lib/x86_64-linux-gnu/valgrind/vgpreload_helgrind-amd64-linux.so)
==372==    by 0x1098D7: init_forks (init_threads.c:44)
==372==    by 0x109BDA: init_threads (init_threads.c:145)
==372==    by 0x109721: threads (threads.c:54)
==372==    by 0x10953F: main (main_mandotiry.c:65)
==372==  Block was alloc'd by thread #1
==372== 
==372== 
==372== 
==372== Use --history-level=approx or =none to gain increased speed, at
==372== the cost of reduced accuracy of conflicting-access information
==372== For lists of detected and suppressed errors, rerun with: -s
==372== ERROR SUMMARY: 325 errors from 4 contexts (suppressed: 2514 from 56)
